<?xml version="1.0" encoding="utf-8" standalone="no"?>
<test-run id="2" testcasecount="56" result="Failed" total="56" passed="42" failed="14" inconclusive="0" skipped="0" asserts="60" engine-version="3.10.0.0" clr-version="4.0.30319.42000" start-time="2019-05-28 17:16:42Z" end-time="2019-05-28 17:50:00Z" duration="1998.034654">
  <command-line><![CDATA["C:\Program Files (x86)\NUnit.Console-3.10.0\bin\net35\nunit3-console.exe"  "CSharpSeleniumTemplate.dll" --inprocess --labels=On]]></command-line>
  <test-suite type="Assembly" id="0-1067" name="CSharpSeleniumTemplate.dll" fullname="CSharpSeleniumTemplate.dll" runstate="Runnable" testcasecount="56" result="Failed" site="Child" start-time="2019-05-28 17:16:42Z" end-time="2019-05-28 17:50:00Z" duration="1997.508869" total="56" passed="42" failed="14" warnings="0" inconclusive="0" skipped="0" asserts="60">
    <environment framework-version="3.11.0.0" clr-version="4.0.30319.42000" os-version="Microsoft Windows NT 10.0.17763.0" platform="Win32NT" cwd="C:\Mantis2\csharpseleniumextentreporttemplate-master\CSharpSeleniumTemplate\bin\Debug" machine-name="PLUTO" user="SISTEMA" user-domain="WORKGROUP" culture="pt-BR" uiculture="pt-BR" os-architecture="x64" />
    <settings>
      <setting name="ProcessModel" value="InProcess" />
      <setting name="DisposeRunners" value="True" />
      <setting name="WorkDirectory" value="C:\Mantis2\csharpseleniumextentreporttemplate-master\CSharpSeleniumTemplate\bin\Debug" />
      <setting name="ImageRuntimeVersion" value="4.0.30319" />
      <setting name="ImageTargetFrameworkName" value=".NETFramework,Version=v4.6.1" />
      <setting name="ImageRequiresX86" value="False" />
      <setting name="ImageRequiresDefaultAppDomainAssemblyResolver" value="False" />
      <setting name="NumberOfTestWorkers" value="4" />
    </settings>
    <properties>
      <property name="_PID" value="13080" />
      <property name="_APPDOMAIN" value="domain-" />
    </properties>
    <failure>
      <message><![CDATA[One or more child tests had errors]]></message>
    </failure>
    <test-suite type="TestSuite" id="0-1068" name="CSharpSeleniumTemplate" fullname="CSharpSeleniumTemplate" runstate="Runnable" testcasecount="56" result="Failed" site="Child" start-time="2019-05-28 17:16:42Z" end-time="2019-05-28 17:50:00Z" duration="1997.486732" total="56" passed="42" failed="14" warnings="0" inconclusive="0" skipped="0" asserts="60">
      <failure>
        <message><![CDATA[One or more child tests had errors]]></message>
      </failure>
      <test-suite type="TestSuite" id="0-1069" name="Tests" fullname="CSharpSeleniumTemplate.Tests" runstate="Runnable" testcasecount="56" result="Failed" site="Child" start-time="2019-05-28 17:16:42Z" end-time="2019-05-28 17:50:00Z" duration="1997.486193" total="56" passed="42" failed="14" warnings="0" inconclusive="0" skipped="0" asserts="60">
        <failure>
          <message><![CDATA[One or more child tests had errors]]></message>
        </failure>
        <test-suite type="TestFixture" id="0-1027" name="CriarTarefa" fullname="CSharpSeleniumTemplate.Tests.CriarTarefa" classname="CSharpSeleniumTemplate.Tests.CriarTarefa" runstate="Runnable" testcasecount="9" result="Failed" site="Child" start-time="2019-05-28 17:16:42Z" end-time="2019-05-28 17:22:25Z" duration="342.731236" total="9" passed="6" failed="3" warnings="0" inconclusive="0" skipped="0" asserts="12">
          <failure>
            <message><![CDATA[One or more child tests had errors]]></message>
          </failure>
          <test-case id="0-1035" name="CadastrarMaisTarefas" fullname="CSharpSeleniumTemplate.Tests.CriarTarefa.CadastrarMaisTarefas" methodname="CadastrarMaisTarefas" classname="CSharpSeleniumTemplate.Tests.CriarTarefa" runstate="Runnable" seed="698807210" result="Passed" start-time="2019-05-28 17:16:43Z" end-time="2019-05-28 17:17:11Z" duration="28.034342" asserts="2" />
          <test-case id="0-1028" name="CadastrarTarefaApenasCamposObrigatorios" fullname="CSharpSeleniumTemplate.Tests.CriarTarefa.CadastrarTarefaApenasCamposObrigatorios" methodname="CadastrarTarefaApenasCamposObrigatorios" classname="CSharpSeleniumTemplate.Tests.CriarTarefa" runstate="Runnable" seed="463249198" result="Failed" label="Error" start-time="2019-05-28 17:17:11Z" end-time="2019-05-28 17:18:22Z" duration="71.158931" asserts="0">
            <failure>
              <message><![CDATA[OpenQA.Selenium.WebDriverTimeoutException : Timed out after 60 seconds
  ----> OpenQA.Selenium.NoSuchElementException : Unable to find element with xpath == //select[@id='category_id']]]></message>
              <stack-trace><![CDATA[   em OpenQA.Selenium.Support.UI.DefaultWait`1.ThrowTimeoutException(String exceptionMessage, Exception lastException)
   em OpenQA.Selenium.Support.UI.DefaultWait`1.Until[TResult](Func`2 condition)
   em CSharpSeleniumTemplate.Bases.PageBase.WaitForElement(By locator) na C:\Mantis2\csharpseleniumextentreporttemplate-master\CSharpSeleniumTemplate\Bases\PageBase.cs:linha 32
   em CSharpSeleniumTemplate.Bases.PageBase.ComboBoxSelectByVisibleText(By locator, String text) na C:\Mantis2\csharpseleniumextentreporttemplate-master\CSharpSeleniumTemplate\Bases\PageBase.cs:linha 104
   em CSharpSeleniumTemplate.Pages.CriarTarefaPage.PreencherCategoriaTarefa(String categoria) na C:\Mantis2\csharpseleniumextentreporttemplate-master\CSharpSeleniumTemplate\Pages\CriarTarefaPage.cs:linha 31
   em CSharpSeleniumTemplate.Flows.TarefasFlows.PreencherCamposObrigatorios(String categoria, String resumo, String descricao) na C:\Mantis2\csharpseleniumextentreporttemplate-master\CSharpSeleniumTemplate\Flows\TarefasFlows.cs:linha 26
   em CSharpSeleniumTemplate.Flows.TarefasFlows.CriarTarefaApenasCamposObrigatorios(String categoria, String resumo, String descricao) na C:\Mantis2\csharpseleniumextentreporttemplate-master\CSharpSeleniumTemplate\Flows\TarefasFlows.cs:linha 46
   em CSharpSeleniumTemplate.Tests.CriarTarefa.CadastrarTarefaApenasCamposObrigatorios() na C:\Mantis2\csharpseleniumextentreporttemplate-master\CSharpSeleniumTemplate\Tests\CriarTarefa.cs:linha 50
--NoSuchElementException
   em OpenQA.Selenium.Remote.RemoteWebDriver.UnpackAndThrowOnError(Response errorResponse)
   em OpenQA.Selenium.Remote.RemoteWebDriver.Execute(String driverCommandToExecute, Dictionary`2 parameters)
   em OpenQA.Selenium.Remote.RemoteWebDriver.FindElement(String mechanism, String value)
   em OpenQA.Selenium.Support.UI.DefaultWait`1.Until[TResult](Func`2 condition)]]></stack-trace>
            </failure>
          </test-case>
          <test-suite type="ParameterizedMethod" id="0-1034" name="CadastrarTarefaTodosCampos" fullname="CSharpSeleniumTemplate.Tests.CriarTarefa.CadastrarTarefaTodosCampos" classname="CSharpSeleniumTemplate.Tests.CriarTarefa" runstate="Runnable" testcasecount="5" result="Passed" start-time="2019-05-28 17:18:22Z" end-time="2019-05-28 17:19:58Z" duration="96.076303" total="5" passed="5" failed="0" warnings="0" inconclusive="0" skipped="0" asserts="10">
            <test-case id="0-1029" name="CadastrarTarefaTodosCampos(System.Collections.ArrayList)" fullname="CSharpSeleniumTemplate.Tests.CriarTarefa.CadastrarTarefaTodosCampos(System.Collections.ArrayList)" methodname="CadastrarTarefaTodosCampos" classname="CSharpSeleniumTemplate.Tests.CriarTarefa" runstate="Runnable" seed="1582572546" result="Passed" start-time="2019-05-28 17:18:22Z" end-time="2019-05-28 17:18:42Z" duration="19.498314" asserts="2" />
            <test-case id="0-1030" name="CadastrarTarefaTodosCampos(System.Collections.ArrayList)" fullname="CSharpSeleniumTemplate.Tests.CriarTarefa.CadastrarTarefaTodosCampos(System.Collections.ArrayList)" methodname="CadastrarTarefaTodosCampos" classname="CSharpSeleniumTemplate.Tests.CriarTarefa" runstate="Runnable" seed="481261822" result="Passed" start-time="2019-05-28 17:18:42Z" end-time="2019-05-28 17:19:03Z" duration="21.566791" asserts="2" />
            <test-case id="0-1031" name="CadastrarTarefaTodosCampos(System.Collections.ArrayList)" fullname="CSharpSeleniumTemplate.Tests.CriarTarefa.CadastrarTarefaTodosCampos(System.Collections.ArrayList)" methodname="CadastrarTarefaTodosCampos" classname="CSharpSeleniumTemplate.Tests.CriarTarefa" runstate="Runnable" seed="1666495638" result="Passed" start-time="2019-05-28 17:19:03Z" end-time="2019-05-28 17:19:23Z" duration="19.135187" asserts="2" />
            <test-case id="0-1032" name="CadastrarTarefaTodosCampos(System.Collections.ArrayList)" fullname="CSharpSeleniumTemplate.Tests.CriarTarefa.CadastrarTarefaTodosCampos(System.Collections.ArrayList)" methodname="CadastrarTarefaTodosCampos" classname="CSharpSeleniumTemplate.Tests.CriarTarefa" runstate="Runnable" seed="246070214" result="Passed" start-time="2019-05-28 17:19:23Z" end-time="2019-05-28 17:19:41Z" duration="18.419395" asserts="2" />
            <test-case id="0-1033" name="CadastrarTarefaTodosCampos(System.Collections.ArrayList)" fullname="CSharpSeleniumTemplate.Tests.CriarTarefa.CadastrarTarefaTodosCampos(System.Collections.ArrayList)" methodname="CadastrarTarefaTodosCampos" classname="CSharpSeleniumTemplate.Tests.CriarTarefa" runstate="Runnable" seed="934451436" result="Passed" start-time="2019-05-28 17:19:41Z" end-time="2019-05-28 17:19:58Z" duration="17.427171" asserts="2" />
          </test-suite>
          <test-case id="0-1037" name="CampoDescricaoNaoPreenchido" fullname="CSharpSeleniumTemplate.Tests.CriarTarefa.CampoDescricaoNaoPreenchido" methodname="CampoDescricaoNaoPreenchido" classname="CSharpSeleniumTemplate.Tests.CriarTarefa" runstate="Runnable" seed="978071186" result="Failed" label="Error" start-time="2019-05-28 17:19:58Z" end-time="2019-05-28 17:21:07Z" duration="68.956621" asserts="0">
            <failure>
              <message><![CDATA[OpenQA.Selenium.WebDriverTimeoutException : Timed out after 60 seconds
  ----> OpenQA.Selenium.NoSuchElementException : Unable to find element with xpath == //select[@id='category_id']]]></message>
              <stack-trace><![CDATA[   em OpenQA.Selenium.Support.UI.DefaultWait`1.ThrowTimeoutException(String exceptionMessage, Exception lastException)
   em OpenQA.Selenium.Support.UI.DefaultWait`1.Until[TResult](Func`2 condition)
   em CSharpSeleniumTemplate.Bases.PageBase.WaitForElement(By locator) na C:\Mantis2\csharpseleniumextentreporttemplate-master\CSharpSeleniumTemplate\Bases\PageBase.cs:linha 32
   em CSharpSeleniumTemplate.Bases.PageBase.ComboBoxSelectByVisibleText(By locator, String text) na C:\Mantis2\csharpseleniumextentreporttemplate-master\CSharpSeleniumTemplate\Bases\PageBase.cs:linha 104
   em CSharpSeleniumTemplate.Pages.CriarTarefaPage.PreencherCategoriaTarefa(String categoria) na C:\Mantis2\csharpseleniumextentreporttemplate-master\CSharpSeleniumTemplate\Pages\CriarTarefaPage.cs:linha 31
   em CSharpSeleniumTemplate.Tests.CriarTarefa.CampoDescricaoNaoPreenchido() na C:\Mantis2\csharpseleniumextentreporttemplate-master\CSharpSeleniumTemplate\Tests\CriarTarefa.cs:linha 121
--NoSuchElementException
   em OpenQA.Selenium.Remote.RemoteWebDriver.UnpackAndThrowOnError(Response errorResponse)
   em OpenQA.Selenium.Remote.RemoteWebDriver.Execute(String driverCommandToExecute, Dictionary`2 parameters)
   em OpenQA.Selenium.Remote.RemoteWebDriver.FindElement(String mechanism, String value)
   em OpenQA.Selenium.Support.UI.DefaultWait`1.Until[TResult](Func`2 condition)]]></stack-trace>
            </failure>
          </test-case>
          <test-case id="0-1036" name="CampoResumoNaoPreenchido" fullname="CSharpSeleniumTemplate.Tests.CriarTarefa.CampoResumoNaoPreenchido" methodname="CampoResumoNaoPreenchido" classname="CSharpSeleniumTemplate.Tests.CriarTarefa" runstate="Runnable" seed="1950787336" result="Failed" label="Error" start-time="2019-05-28 17:21:07Z" end-time="2019-05-28 17:22:18Z" duration="70.719586" asserts="0">
            <failure>
              <message><![CDATA[OpenQA.Selenium.WebDriverTimeoutException : Timed out after 60 seconds
  ----> OpenQA.Selenium.NoSuchElementException : Unable to find element with xpath == //select[@id='category_id']]]></message>
              <stack-trace><![CDATA[   em OpenQA.Selenium.Support.UI.DefaultWait`1.ThrowTimeoutException(String exceptionMessage, Exception lastException)
   em OpenQA.Selenium.Support.UI.DefaultWait`1.Until[TResult](Func`2 condition)
   em CSharpSeleniumTemplate.Bases.PageBase.WaitForElement(By locator) na C:\Mantis2\csharpseleniumextentreporttemplate-master\CSharpSeleniumTemplate\Bases\PageBase.cs:linha 32
   em CSharpSeleniumTemplate.Bases.PageBase.ComboBoxSelectByVisibleText(By locator, String text) na C:\Mantis2\csharpseleniumextentreporttemplate-master\CSharpSeleniumTemplate\Bases\PageBase.cs:linha 104
   em CSharpSeleniumTemplate.Pages.CriarTarefaPage.PreencherCategoriaTarefa(String categoria) na C:\Mantis2\csharpseleniumextentreporttemplate-master\CSharpSeleniumTemplate\Pages\CriarTarefaPage.cs:linha 31
   em CSharpSeleniumTemplate.Tests.CriarTarefa.CampoResumoNaoPreenchido() na C:\Mantis2\csharpseleniumextentreporttemplate-master\CSharpSeleniumTemplate\Tests\CriarTarefa.cs:linha 105
--NoSuchElementException
   em OpenQA.Selenium.Remote.RemoteWebDriver.UnpackAndThrowOnError(Response errorResponse)
   em OpenQA.Selenium.Remote.RemoteWebDriver.Execute(String driverCommandToExecute, Dictionary`2 parameters)
   em OpenQA.Selenium.Remote.RemoteWebDriver.FindElement(String mechanism, String value)
   em OpenQA.Selenium.Support.UI.DefaultWait`1.Until[TResult](Func`2 condition)]]></stack-trace>
            </failure>
          </test-case>
        </test-suite>
        <test-suite type="TestFixture" id="0-1000" name="GerenciarCamposPersonalizados" fullname="CSharpSeleniumTemplate.Tests.GerenciarCamposPersonalizados" classname="CSharpSeleniumTemplate.Tests.GerenciarCamposPersonalizados" runstate="Runnable" testcasecount="5" result="Failed" site="Child" start-time="2019-05-28 17:22:25Z" end-time="2019-05-28 17:26:19Z" duration="233.647170" total="5" passed="3" failed="2" warnings="0" inconclusive="0" skipped="0" asserts="5">
          <failure>
            <message><![CDATA[One or more child tests had errors]]></message>
          </failure>
          <test-case id="0-1005" name="ApagarCampoPersonalizado" fullname="CSharpSeleniumTemplate.Tests.GerenciarCamposPersonalizados.ApagarCampoPersonalizado" methodname="ApagarCampoPersonalizado" classname="CSharpSeleniumTemplate.Tests.GerenciarCamposPersonalizados" runstate="Runnable" seed="616497438" result="Passed" start-time="2019-05-28 17:22:25Z" end-time="2019-05-28 17:22:58Z" duration="33.073086" asserts="2" />
          <test-case id="0-1001" name="CadastrarCampoPersonalizado" fullname="CSharpSeleniumTemplate.Tests.GerenciarCamposPersonalizados.CadastrarCampoPersonalizado" methodname="CadastrarCampoPersonalizado" classname="CSharpSeleniumTemplate.Tests.GerenciarCamposPersonalizados" runstate="Runnable" seed="690954105" result="Passed" start-time="2019-05-28 17:22:58Z" end-time="2019-05-28 17:23:23Z" duration="24.547308" asserts="2" />
          <test-case id="0-1002" name="CampoObrigatorioNaoInformado" fullname="CSharpSeleniumTemplate.Tests.GerenciarCamposPersonalizados.CampoObrigatorioNaoInformado" methodname="CampoObrigatorioNaoInformado" classname="CSharpSeleniumTemplate.Tests.GerenciarCamposPersonalizados" runstate="Runnable" seed="1510596968" result="Failed" label="Error" start-time="2019-05-28 17:23:23Z" end-time="2019-05-28 17:24:37Z" duration="74.457516" asserts="0">
            <failure>
              <message><![CDATA[OpenQA.Selenium.WebDriverTimeoutException : Timed out after 60 seconds
  ----> OpenQA.Selenium.NoSuchElementException : Unable to find element with xpath == //input[@value='Novo Campo Personalizado']]]></message>
              <stack-trace><![CDATA[   em CSharpSeleniumTemplate.Bases.PageBase.Click(By locator) na C:\Mantis2\csharpseleniumextentreporttemplate-master\CSharpSeleniumTemplate\Bases\PageBase.cs:linha 75
   em CSharpSeleniumTemplate.Pages.GerenciarCamposPersonalizadosPage.ClicarCriarCampo() na C:\Mantis2\csharpseleniumextentreporttemplate-master\CSharpSeleniumTemplate\Pages\GerenciarCamposPersonalizadosPage.cs:linha 35
   em CSharpSeleniumTemplate.Tests.GerenciarCamposPersonalizados.CampoObrigatorioNaoInformado() na C:\Mantis2\csharpseleniumextentreporttemplate-master\CSharpSeleniumTemplate\Tests\GerenciarCamposPersonalizados.cs:linha 49
--NoSuchElementException
   em OpenQA.Selenium.Remote.RemoteWebDriver.UnpackAndThrowOnError(Response errorResponse)
   em OpenQA.Selenium.Remote.RemoteWebDriver.Execute(String driverCommandToExecute, Dictionary`2 parameters)
   em OpenQA.Selenium.Remote.RemoteWebDriver.FindElement(String mechanism, String value)
   em OpenQA.Selenium.Support.UI.DefaultWait`1.Until[TResult](Func`2 condition)]]></stack-trace>
            </failure>
          </test-case>
          <test-case id="0-1003" name="CampoPersonalizadoJaCadastrado" fullname="CSharpSeleniumTemplate.Tests.GerenciarCamposPersonalizados.CampoPersonalizadoJaCadastrado" methodname="CampoPersonalizadoJaCadastrado" classname="CSharpSeleniumTemplate.Tests.GerenciarCamposPersonalizados" runstate="Runnable" seed="1350376330" result="Passed" start-time="2019-05-28 17:24:37Z" end-time="2019-05-28 17:25:03Z" duration="26.253824" asserts="1" />
          <test-case id="0-1004" name="EditarCampoPersonalizado" fullname="CSharpSeleniumTemplate.Tests.GerenciarCamposPersonalizados.EditarCampoPersonalizado" methodname="EditarCampoPersonalizado" classname="CSharpSeleniumTemplate.Tests.GerenciarCamposPersonalizados" runstate="Runnable" seed="1519274769" result="Failed" label="Error" start-time="2019-05-28 17:25:03Z" end-time="2019-05-28 17:26:19Z" duration="75.287403" asserts="0">
            <failure>
              <message><![CDATA[OpenQA.Selenium.WebDriverTimeoutException : Timed out after 60 seconds
  ----> OpenQA.Selenium.NoSuchElementException : Unable to find element with link text == Gerenciar Campos Personalizados]]></message>
              <stack-trace><![CDATA[   em CSharpSeleniumTemplate.Bases.PageBase.Click(By locator) na C:\Mantis2\csharpseleniumextentreporttemplate-master\CSharpSeleniumTemplate\Bases\PageBase.cs:linha 75
   em CSharpSeleniumTemplate.Pages.GerenciarCamposPersonalizadosPage.ClicarGerenciarCampo() na C:\Mantis2\csharpseleniumextentreporttemplate-master\CSharpSeleniumTemplate\Pages\GerenciarCamposPersonalizadosPage.cs:linha 27
   em CSharpSeleniumTemplate.Flows.CamposPersonalizadosFlows.AcessarMenuCamposPersonalizados() na C:\Mantis2\csharpseleniumextentreporttemplate-master\CSharpSeleniumTemplate\Flows\CamposPersonalizadosFlows.cs:linha 24
   em CSharpSeleniumTemplate.Flows.CamposPersonalizadosFlows.CadastrarCampo(String nome) na C:\Mantis2\csharpseleniumextentreporttemplate-master\CSharpSeleniumTemplate\Flows\CamposPersonalizadosFlows.cs:linha 28
   em CSharpSeleniumTemplate.Tests.GerenciarCamposPersonalizados.EditarCampoPersonalizado() na C:\Mantis2\csharpseleniumextentreporttemplate-master\CSharpSeleniumTemplate\Tests\GerenciarCamposPersonalizados.cs:linha 80
--NoSuchElementException
   em OpenQA.Selenium.Remote.RemoteWebDriver.UnpackAndThrowOnError(Response errorResponse)
   em OpenQA.Selenium.Remote.RemoteWebDriver.Execute(String driverCommandToExecute, Dictionary`2 parameters)
   em OpenQA.Selenium.Remote.RemoteWebDriver.FindElement(String mechanism, String value)
   em OpenQA.Selenium.Support.UI.DefaultWait`1.Until[TResult](Func`2 condition)]]></stack-trace>
            </failure>
          </test-case>
        </test-suite>
        <test-suite type="TestFixture" id="0-1038" name="GerenciarCategorias" fullname="CSharpSeleniumTemplate.Tests.GerenciarCategorias" classname="CSharpSeleniumTemplate.Tests.GerenciarCategorias" runstate="Runnable" testcasecount="5" result="Failed" site="Child" start-time="2019-05-28 17:26:19Z" end-time="2019-05-28 17:31:28Z" duration="309.508847" total="5" passed="1" failed="4" warnings="0" inconclusive="0" skipped="0" asserts="3">
          <failure>
            <message><![CDATA[One or more child tests had errors]]></message>
          </failure>
          <test-case id="0-1043" name="ApagarCategoria" fullname="CSharpSeleniumTemplate.Tests.GerenciarCategorias.ApagarCategoria" methodname="ApagarCategoria" classname="CSharpSeleniumTemplate.Tests.GerenciarCategorias" runstate="Runnable" seed="856473518" result="Failed" label="Error" start-time="2019-05-28 17:26:19Z" end-time="2019-05-28 17:27:30Z" duration="71.128127" asserts="0">
            <failure>
              <message><![CDATA[OpenQA.Selenium.WebDriverTimeoutException : Timed out after 60 seconds
  ----> OpenQA.Selenium.NoSuchElementException : Unable to find element with xpath == //a[contains(text(),'Gerenciar Projetos')]]]></message>
              <stack-trace><![CDATA[   em CSharpSeleniumTemplate.Bases.PageBase.Click(By locator) na C:\Mantis2\csharpseleniumextentreporttemplate-master\CSharpSeleniumTemplate\Bases\PageBase.cs:linha 75
   em CSharpSeleniumTemplate.Pages.GerenciarProjetoPage.ClicarGerenciarProjeto() na C:\Mantis2\csharpseleniumextentreporttemplate-master\CSharpSeleniumTemplate\Pages\GerenciarProjetoPage.cs:linha 28
   em CSharpSeleniumTemplate.Flows.ProjetosFlows.AcessarTelaGestaoProjeto() na C:\Mantis2\csharpseleniumextentreporttemplate-master\CSharpSeleniumTemplate\Flows\ProjetosFlows.cs:linha 25
   em CSharpSeleniumTemplate.Flows.CategoriasFlows.CadastrarCategoria(String nomeCategoria) na C:\Mantis2\csharpseleniumextentreporttemplate-master\CSharpSeleniumTemplate\Flows\CategoriasFlows.cs:linha 29
   em CSharpSeleniumTemplate.Tests.GerenciarCategorias.ApagarCategoria() na C:\Mantis2\csharpseleniumextentreporttemplate-master\CSharpSeleniumTemplate\Tests\GerenciarCategorias.cs:linha 97
--NoSuchElementException
   em OpenQA.Selenium.Remote.RemoteWebDriver.UnpackAndThrowOnError(Response errorResponse)
   em OpenQA.Selenium.Remote.RemoteWebDriver.Execute(String driverCommandToExecute, Dictionary`2 parameters)
   em OpenQA.Selenium.Remote.RemoteWebDriver.FindElement(String mechanism, String value)
   em OpenQA.Selenium.Support.UI.DefaultWait`1.Until[TResult](Func`2 condition)]]></stack-trace>
            </failure>
          </test-case>
          <test-case id="0-1039" name="CadastrarCategoria" fullname="CSharpSeleniumTemplate.Tests.GerenciarCategorias.CadastrarCategoria" methodname="CadastrarCategoria" classname="CSharpSeleniumTemplate.Tests.GerenciarCategorias" runstate="Runnable" seed="514931946" result="Failed" label="Error" start-time="2019-05-28 17:27:30Z" end-time="2019-05-28 17:28:43Z" duration="73.210190" asserts="0">
            <failure>
              <message><![CDATA[OpenQA.Selenium.WebDriverTimeoutException : Timed out after 60 seconds
  ----> OpenQA.Selenium.NoSuchElementException : Unable to find element with xpath == //*[@id='categories']/div/div[2]/form/div/input[3]]]></message>
              <stack-trace><![CDATA[   em OpenQA.Selenium.Support.UI.DefaultWait`1.ThrowTimeoutException(String exceptionMessage, Exception lastException)
   em OpenQA.Selenium.Support.UI.DefaultWait`1.Until[TResult](Func`2 condition)
   em CSharpSeleniumTemplate.Bases.PageBase.WaitForElement(By locator) na C:\Mantis2\csharpseleniumextentreporttemplate-master\CSharpSeleniumTemplate\Bases\PageBase.cs:linha 32
   em CSharpSeleniumTemplate.Bases.PageBase.SendKeys(By locator, String text) na C:\Mantis2\csharpseleniumextentreporttemplate-master\CSharpSeleniumTemplate\Bases\PageBase.cs:linha 84
   em CSharpSeleniumTemplate.Pages.GerenciarCategoriaPage.PreencherCategoria(String categoria) na C:\Mantis2\csharpseleniumextentreporttemplate-master\CSharpSeleniumTemplate\Pages\GerenciarCategoriasPage.cs:linha 27
   em CSharpSeleniumTemplate.Flows.CategoriasFlows.CadastrarCategoria(String nomeCategoria) na C:\Mantis2\csharpseleniumextentreporttemplate-master\CSharpSeleniumTemplate\Flows\CategoriasFlows.cs:linha 30
   em CSharpSeleniumTemplate.Tests.GerenciarCategorias.CadastrarCategoria() na C:\Mantis2\csharpseleniumextentreporttemplate-master\CSharpSeleniumTemplate\Tests\GerenciarCategorias.cs:linha 32
--NoSuchElementException
   em OpenQA.Selenium.Remote.RemoteWebDriver.UnpackAndThrowOnError(Response errorResponse)
   em OpenQA.Selenium.Remote.RemoteWebDriver.Execute(String driverCommandToExecute, Dictionary`2 parameters)
   em OpenQA.Selenium.Remote.RemoteWebDriver.FindElement(String mechanism, String value)
   em OpenQA.Selenium.Support.UI.DefaultWait`1.Until[TResult](Func`2 condition)]]></stack-trace>
            </failure>
          </test-case>
          <test-case id="0-1041" name="CampoObrigatorioNaoPreenchido" fullname="CSharpSeleniumTemplate.Tests.GerenciarCategorias.CampoObrigatorioNaoPreenchido" methodname="CampoObrigatorioNaoPreenchido" classname="CSharpSeleniumTemplate.Tests.GerenciarCategorias" runstate="Runnable" seed="2109154279" result="Failed" label="Error" start-time="2019-05-28 17:28:43Z" end-time="2019-05-28 17:29:54Z" duration="70.531839" asserts="0">
            <failure>
              <message><![CDATA[OpenQA.Selenium.WebDriverTimeoutException : Timed out after 60 seconds
  ----> OpenQA.Selenium.NoSuchElementException : Unable to find element with xpath == //a[contains(text(),'Gerenciar Projetos')]]]></message>
              <stack-trace><![CDATA[   em CSharpSeleniumTemplate.Bases.PageBase.Click(By locator) na C:\Mantis2\csharpseleniumextentreporttemplate-master\CSharpSeleniumTemplate\Bases\PageBase.cs:linha 75
   em CSharpSeleniumTemplate.Pages.GerenciarProjetoPage.ClicarGerenciarProjeto() na C:\Mantis2\csharpseleniumextentreporttemplate-master\CSharpSeleniumTemplate\Pages\GerenciarProjetoPage.cs:linha 28
   em CSharpSeleniumTemplate.Flows.ProjetosFlows.AcessarTelaGestaoProjeto() na C:\Mantis2\csharpseleniumextentreporttemplate-master\CSharpSeleniumTemplate\Flows\ProjetosFlows.cs:linha 25
   em CSharpSeleniumTemplate.Tests.GerenciarCategorias.CampoObrigatorioNaoPreenchido() na C:\Mantis2\csharpseleniumextentreporttemplate-master\CSharpSeleniumTemplate\Tests\GerenciarCategorias.cs:linha 61
--NoSuchElementException
   em OpenQA.Selenium.Remote.RemoteWebDriver.UnpackAndThrowOnError(Response errorResponse)
   em OpenQA.Selenium.Remote.RemoteWebDriver.Execute(String driverCommandToExecute, Dictionary`2 parameters)
   em OpenQA.Selenium.Remote.RemoteWebDriver.FindElement(String mechanism, String value)
   em OpenQA.Selenium.Support.UI.DefaultWait`1.Until[TResult](Func`2 condition)]]></stack-trace>
            </failure>
          </test-case>
          <test-case id="0-1040" name="CategoriaJaCadastrada" fullname="CSharpSeleniumTemplate.Tests.GerenciarCategorias.CategoriaJaCadastrada" methodname="CategoriaJaCadastrada" classname="CSharpSeleniumTemplate.Tests.GerenciarCategorias" runstate="Runnable" seed="226320448" result="Failed" label="Error" start-time="2019-05-28 17:29:54Z" end-time="2019-05-28 17:31:04Z" duration="70.561112" asserts="0">
            <failure>
              <message><![CDATA[OpenQA.Selenium.WebDriverTimeoutException : Timed out after 60 seconds
  ----> OpenQA.Selenium.NoSuchElementException : Unable to find element with xpath == //a[contains(text(),'Gerenciar Projetos')]]]></message>
              <stack-trace><![CDATA[   em CSharpSeleniumTemplate.Bases.PageBase.Click(By locator) na C:\Mantis2\csharpseleniumextentreporttemplate-master\CSharpSeleniumTemplate\Bases\PageBase.cs:linha 75
   em CSharpSeleniumTemplate.Pages.GerenciarProjetoPage.ClicarGerenciarProjeto() na C:\Mantis2\csharpseleniumextentreporttemplate-master\CSharpSeleniumTemplate\Pages\GerenciarProjetoPage.cs:linha 28
   em CSharpSeleniumTemplate.Flows.ProjetosFlows.AcessarTelaGestaoProjeto() na C:\Mantis2\csharpseleniumextentreporttemplate-master\CSharpSeleniumTemplate\Flows\ProjetosFlows.cs:linha 25
   em CSharpSeleniumTemplate.Flows.CategoriasFlows.CadastrarCategoria(String nomeCategoria) na C:\Mantis2\csharpseleniumextentreporttemplate-master\CSharpSeleniumTemplate\Flows\CategoriasFlows.cs:linha 29
   em CSharpSeleniumTemplate.Tests.GerenciarCategorias.CategoriaJaCadastrada() na C:\Mantis2\csharpseleniumextentreporttemplate-master\CSharpSeleniumTemplate\Tests\GerenciarCategorias.cs:linha 46
--NoSuchElementException
   em OpenQA.Selenium.Remote.RemoteWebDriver.UnpackAndThrowOnError(Response errorResponse)
   em OpenQA.Selenium.Remote.RemoteWebDriver.Execute(String driverCommandToExecute, Dictionary`2 parameters)
   em OpenQA.Selenium.Remote.RemoteWebDriver.FindElement(String mechanism, String value)
   em OpenQA.Selenium.Support.UI.DefaultWait`1.Until[TResult](Func`2 condition)]]></stack-trace>
            </failure>
          </test-case>
          <test-case id="0-1042" name="EditarCategoria" fullname="CSharpSeleniumTemplate.Tests.GerenciarCategorias.EditarCategoria" methodname="EditarCategoria" classname="CSharpSeleniumTemplate.Tests.GerenciarCategorias" runstate="Runnable" seed="922660978" result="Passed" start-time="2019-05-28 17:31:04Z" end-time="2019-05-28 17:31:28Z" duration="23.928481" asserts="3" />
        </test-suite>
        <test-suite type="TestFixture" id="0-1006" name="GerenciarMarcadores" fullname="CSharpSeleniumTemplate.Tests.GerenciarMarcadores" classname="CSharpSeleniumTemplate.Tests.GerenciarMarcadores" runstate="Runnable" testcasecount="5" result="Failed" site="Child" start-time="2019-05-28 17:31:28Z" end-time="2019-05-28 17:34:51Z" duration="202.411039" total="5" passed="4" failed="1" warnings="0" inconclusive="0" skipped="0" asserts="5">
          <failure>
            <message><![CDATA[One or more child tests had errors]]></message>
          </failure>
          <test-case id="0-1010" name="ApagarMarcador" fullname="CSharpSeleniumTemplate.Tests.GerenciarMarcadores.ApagarMarcador" methodname="ApagarMarcador" classname="CSharpSeleniumTemplate.Tests.GerenciarMarcadores" runstate="Runnable" seed="2034454878" result="Passed" start-time="2019-05-28 17:31:28Z" end-time="2019-05-28 17:31:55Z" duration="26.287858" asserts="1" />
          <test-case id="0-1007" name="CadastrarMarcador" fullname="CSharpSeleniumTemplate.Tests.GerenciarMarcadores.CadastrarMarcador" methodname="CadastrarMarcador" classname="CSharpSeleniumTemplate.Tests.GerenciarMarcadores" runstate="Runnable" seed="137389590" result="Failed" label="Error" start-time="2019-05-28 17:31:55Z" end-time="2019-05-28 17:33:04Z" duration="69.619859" asserts="0">
            <failure>
              <message><![CDATA[OpenQA.Selenium.WebDriverTimeoutException : Timed out after 60 seconds
  ----> OpenQA.Selenium.NoSuchElementException : Unable to find element with xpath == //a[contains(text(),'Gerenciar Marcadores')]]]></message>
              <stack-trace><![CDATA[   em CSharpSeleniumTemplate.Bases.PageBase.Click(By locator) na C:\Mantis2\csharpseleniumextentreporttemplate-master\CSharpSeleniumTemplate\Bases\PageBase.cs:linha 75
   em CSharpSeleniumTemplate.Pages.GerenciarMarcadoresPage.ClicarMenuMarcador() na C:\Mantis2\csharpseleniumextentreporttemplate-master\CSharpSeleniumTemplate\Pages\GerenciarMarcadoresPage.cs:linha 27
   em CSharpSeleniumTemplate.Flows.MarcadoresFlows.AcessarTelaGerenciarMarcadores() na C:\Mantis2\csharpseleniumextentreporttemplate-master\CSharpSeleniumTemplate\Flows\MarcadoresFlows.cs:linha 25
   em CSharpSeleniumTemplate.Flows.MarcadoresFlows.CadastrarMarcador(String nome) na C:\Mantis2\csharpseleniumextentreporttemplate-master\CSharpSeleniumTemplate\Flows\MarcadoresFlows.cs:linha 30
   em CSharpSeleniumTemplate.Tests.GerenciarMarcadores.CadastrarMarcador() na C:\Mantis2\csharpseleniumextentreporttemplate-master\CSharpSeleniumTemplate\Tests\GerenciarMarcadores.cs:linha 37
--NoSuchElementException
   em OpenQA.Selenium.Remote.RemoteWebDriver.UnpackAndThrowOnError(Response errorResponse)
   em OpenQA.Selenium.Remote.RemoteWebDriver.Execute(String driverCommandToExecute, Dictionary`2 parameters)
   em OpenQA.Selenium.Remote.RemoteWebDriver.FindElement(String mechanism, String value)
   em OpenQA.Selenium.Support.UI.DefaultWait`1.Until[TResult](Func`2 condition)]]></stack-trace>
            </failure>
          </test-case>
          <test-case id="0-1008" name="CampoObrigatorioNaoPreenchido" fullname="CSharpSeleniumTemplate.Tests.GerenciarMarcadores.CampoObrigatorioNaoPreenchido" methodname="CampoObrigatorioNaoPreenchido" classname="CSharpSeleniumTemplate.Tests.GerenciarMarcadores" runstate="Runnable" seed="2055607191" result="Passed" start-time="2019-05-28 17:33:04Z" end-time="2019-05-28 17:33:18Z" duration="13.560981" asserts="1" />
          <test-case id="0-1009" name="EditarMarcador" fullname="CSharpSeleniumTemplate.Tests.GerenciarMarcadores.EditarMarcador" methodname="EditarMarcador" classname="CSharpSeleniumTemplate.Tests.GerenciarMarcadores" runstate="Runnable" seed="1644934080" result="Passed" start-time="2019-05-28 17:33:18Z" end-time="2019-05-28 17:33:47Z" duration="29.250016" asserts="2" />
          <test-case id="0-1011" name="VoltarAoDetalheMarcador" fullname="CSharpSeleniumTemplate.Tests.GerenciarMarcadores.VoltarAoDetalheMarcador" methodname="VoltarAoDetalheMarcador" classname="CSharpSeleniumTemplate.Tests.GerenciarMarcadores" runstate="Runnable" seed="383855570" result="Passed" start-time="2019-05-28 17:33:47Z" end-time="2019-05-28 17:34:51Z" duration="63.644837" asserts="1" />
        </test-suite>
        <test-suite type="TestFixture" id="0-1012" name="GerenciarPerfisGlobais" fullname="CSharpSeleniumTemplate.Tests.GerenciarPerfisGlobais" classname="CSharpSeleniumTemplate.Tests.GerenciarPerfisGlobais" runstate="Runnable" testcasecount="8" result="Failed" site="Child" start-time="2019-05-28 17:34:51Z" end-time="2019-05-28 17:41:21Z" duration="390.185499" total="8" passed="4" failed="4" warnings="0" inconclusive="0" skipped="0" asserts="4">
          <failure>
            <message><![CDATA[One or more child tests had errors]]></message>
          </failure>
          <test-case id="0-1020" name="ApagarPerfilScucesso" fullname="CSharpSeleniumTemplate.Tests.GerenciarPerfisGlobais.ApagarPerfilScucesso" methodname="ApagarPerfilScucesso" classname="CSharpSeleniumTemplate.Tests.GerenciarPerfisGlobais" runstate="Runnable" seed="755282493" result="Failed" label="Error" start-time="2019-05-28 17:34:51Z" end-time="2019-05-28 17:36:16Z" duration="84.844088" asserts="0">
            <failure>
              <message><![CDATA[OpenQA.Selenium.WebDriverTimeoutException : Timed out after 60 seconds
  ----> OpenQA.Selenium.NoSuchElementException : Unable to find element with css selector == #select\-profile]]></message>
              <stack-trace><![CDATA[   em OpenQA.Selenium.Support.UI.DefaultWait`1.ThrowTimeoutException(String exceptionMessage, Exception lastException)
   em OpenQA.Selenium.Support.UI.DefaultWait`1.Until[TResult](Func`2 condition)
   em CSharpSeleniumTemplate.Bases.PageBase.WaitForElement(By locator) na C:\Mantis2\csharpseleniumextentreporttemplate-master\CSharpSeleniumTemplate\Bases\PageBase.cs:linha 32
   em CSharpSeleniumTemplate.Bases.PageBase.ComboBoxSelectByVisibleText(By locator, String text) na C:\Mantis2\csharpseleniumextentreporttemplate-master\CSharpSeleniumTemplate\Bases\PageBase.cs:linha 104
   em CSharpSeleniumTemplate.Pages.GerenciarPerfisGlobaisPage.SelecionarPerfil(String nomePerfil) na C:\Mantis2\csharpseleniumextentreporttemplate-master\CSharpSeleniumTemplate\Pages\GerenciarPerfisGlobaisPage.cs:linha 74
   em CSharpSeleniumTemplate.Flows.GerenciarPerfisGlobaisFlows.ApagarPerfilGlobal(String plataforma) na C:\Mantis2\csharpseleniumextentreporttemplate-master\CSharpSeleniumTemplate\Flows\GerenciarPerfisGlobaisFlows.cs:linha 48
   em CSharpSeleniumTemplate.Tests.GerenciarPerfisGlobais.ApagarPerfilScucesso() na C:\Mantis2\csharpseleniumextentreporttemplate-master\CSharpSeleniumTemplate\Tests\GerenciarPerfisGlobais.cs:linha 160
--NoSuchElementException
   em OpenQA.Selenium.Remote.RemoteWebDriver.UnpackAndThrowOnError(Response errorResponse)
   em OpenQA.Selenium.Remote.RemoteWebDriver.Execute(String driverCommandToExecute, Dictionary`2 parameters)
   em OpenQA.Selenium.Remote.RemoteWebDriver.FindElement(String mechanism, String value)
   em OpenQA.Selenium.Support.UI.DefaultWait`1.Until[TResult](Func`2 condition)]]></stack-trace>
            </failure>
          </test-case>
          <test-case id="0-1019" name="ApagarSemSelecionarUmPerfil" fullname="CSharpSeleniumTemplate.Tests.GerenciarPerfisGlobais.ApagarSemSelecionarUmPerfil" methodname="ApagarSemSelecionarUmPerfil" classname="CSharpSeleniumTemplate.Tests.GerenciarPerfisGlobais" runstate="Runnable" seed="139193706" result="Failed" label="Error" start-time="2019-05-28 17:36:16Z" end-time="2019-05-28 17:37:29Z" duration="73.003289" asserts="0">
            <failure>
              <message><![CDATA[OpenQA.Selenium.WebDriverTimeoutException : Timed out after 60 seconds
  ----> OpenQA.Selenium.NoSuchElementException : Unable to find element with link text == Gerenciar Perfís Globais]]></message>
              <stack-trace><![CDATA[   em CSharpSeleniumTemplate.Bases.PageBase.Click(By locator) na C:\Mantis2\csharpseleniumextentreporttemplate-master\CSharpSeleniumTemplate\Bases\PageBase.cs:linha 75
   em CSharpSeleniumTemplate.Pages.GerenciarPerfisGlobaisPage.ClicarMenuGerenciarPerfis() na C:\Mantis2\csharpseleniumextentreporttemplate-master\CSharpSeleniumTemplate\Pages\GerenciarPerfisGlobaisPage.cs:linha 30
   em CSharpSeleniumTemplate.Flows.GerenciarPerfisGlobaisFlows.AcessarGerenciarPerfis() na C:\Mantis2\csharpseleniumextentreporttemplate-master\CSharpSeleniumTemplate\Flows\GerenciarPerfisGlobaisFlows.cs:linha 25
   em CSharpSeleniumTemplate.Flows.GerenciarPerfisGlobaisFlows.CadastrarPerfilGlobal(String plataforma, String so, String versaoSo) na C:\Mantis2\csharpseleniumextentreporttemplate-master\CSharpSeleniumTemplate\Flows\GerenciarPerfisGlobaisFlows.cs:linha 29
   em CSharpSeleniumTemplate.Tests.GerenciarPerfisGlobais.ApagarSemSelecionarUmPerfil() na C:\Mantis2\csharpseleniumextentreporttemplate-master\CSharpSeleniumTemplate\Tests\GerenciarPerfisGlobais.cs:linha 142
--NoSuchElementException
   em OpenQA.Selenium.Remote.RemoteWebDriver.UnpackAndThrowOnError(Response errorResponse)
   em OpenQA.Selenium.Remote.RemoteWebDriver.Execute(String driverCommandToExecute, Dictionary`2 parameters)
   em OpenQA.Selenium.Remote.RemoteWebDriver.FindElement(String mechanism, String value)
   em OpenQA.Selenium.Support.UI.DefaultWait`1.Until[TResult](Func`2 condition)]]></stack-trace>
            </failure>
          </test-case>
          <test-case id="0-1013" name="CadastrarPerfilSucesso" fullname="CSharpSeleniumTemplate.Tests.GerenciarPerfisGlobais.CadastrarPerfilSucesso" methodname="CadastrarPerfilSucesso" classname="CSharpSeleniumTemplate.Tests.GerenciarPerfisGlobais" runstate="Runnable" seed="273803096" result="Passed" start-time="2019-05-28 17:37:29Z" end-time="2019-05-28 17:37:49Z" duration="20.168260" asserts="1" />
          <test-case id="0-1018" name="EditarPerfilSucesso" fullname="CSharpSeleniumTemplate.Tests.GerenciarPerfisGlobais.EditarPerfilSucesso" methodname="EditarPerfilSucesso" classname="CSharpSeleniumTemplate.Tests.GerenciarPerfisGlobais" runstate="Runnable" seed="1865060753" result="Failed" label="Error" start-time="2019-05-28 17:37:49Z" end-time="2019-05-28 17:39:17Z" duration="88.198092" asserts="0">
            <failure>
              <message><![CDATA[OpenQA.Selenium.WebDriverTimeoutException : Timed out after 60 seconds
  ----> OpenQA.Selenium.NoSuchElementException : Unable to find element with xpath == //*[@id='main-container']/div[2]/div[2]/div/div/form/div/div[2]/div[1]/div/table/tbody/tr[1]/td/input]]></message>
              <stack-trace><![CDATA[   em OpenQA.Selenium.Support.UI.DefaultWait`1.ThrowTimeoutException(String exceptionMessage, Exception lastException)
   em OpenQA.Selenium.Support.UI.DefaultWait`1.Until[TResult](Func`2 condition)
   em CSharpSeleniumTemplate.Bases.PageBase.WaitForElement(By locator) na C:\Mantis2\csharpseleniumextentreporttemplate-master\CSharpSeleniumTemplate\Bases\PageBase.cs:linha 32
   em CSharpSeleniumTemplate.Bases.PageBase.Clear(By locator) na C:\Mantis2\csharpseleniumextentreporttemplate-master\CSharpSeleniumTemplate\Bases\PageBase.cs:linha 90
   em CSharpSeleniumTemplate.Pages.GerenciarPerfisGlobaisPage.LimparCampoPlataforma() na C:\Mantis2\csharpseleniumextentreporttemplate-master\CSharpSeleniumTemplate\Pages\GerenciarPerfisGlobaisPage.cs:linha 78
   em CSharpSeleniumTemplate.Flows.GerenciarPerfisGlobaisFlows.EditarPerfilGlobal(String plataforma, String novaPlataforma) na C:\Mantis2\csharpseleniumextentreporttemplate-master\CSharpSeleniumTemplate\Flows\GerenciarPerfisGlobaisFlows.cs:linha 41
   em CSharpSeleniumTemplate.Tests.GerenciarPerfisGlobais.EditarPerfilSucesso() na C:\Mantis2\csharpseleniumextentreporttemplate-master\CSharpSeleniumTemplate\Tests\GerenciarPerfisGlobais.cs:linha 126
--NoSuchElementException
   em OpenQA.Selenium.Remote.RemoteWebDriver.UnpackAndThrowOnError(Response errorResponse)
   em OpenQA.Selenium.Remote.RemoteWebDriver.Execute(String driverCommandToExecute, Dictionary`2 parameters)
   em OpenQA.Selenium.Remote.RemoteWebDriver.FindElement(String mechanism, String value)
   em OpenQA.Selenium.Support.UI.DefaultWait`1.Until[TResult](Func`2 condition)]]></stack-trace>
            </failure>
          </test-case>
          <test-case id="0-1017" name="EditarSemSelecionarUmPerfil" fullname="CSharpSeleniumTemplate.Tests.GerenciarPerfisGlobais.EditarSemSelecionarUmPerfil" methodname="EditarSemSelecionarUmPerfil" classname="CSharpSeleniumTemplate.Tests.GerenciarPerfisGlobais" runstate="Runnable" seed="1454420477" result="Failed" label="Error" start-time="2019-05-28 17:39:17Z" end-time="2019-05-28 17:40:27Z" duration="70.465278" asserts="0">
            <failure>
              <message><![CDATA[OpenQA.Selenium.WebDriverTimeoutException : Timed out after 60 seconds
  ----> OpenQA.Selenium.NoSuchElementException : Unable to find element with link text == Gerenciar Perfís Globais]]></message>
              <stack-trace><![CDATA[   em CSharpSeleniumTemplate.Bases.PageBase.Click(By locator) na C:\Mantis2\csharpseleniumextentreporttemplate-master\CSharpSeleniumTemplate\Bases\PageBase.cs:linha 75
   em CSharpSeleniumTemplate.Pages.GerenciarPerfisGlobaisPage.ClicarMenuGerenciarPerfis() na C:\Mantis2\csharpseleniumextentreporttemplate-master\CSharpSeleniumTemplate\Pages\GerenciarPerfisGlobaisPage.cs:linha 30
   em CSharpSeleniumTemplate.Flows.GerenciarPerfisGlobaisFlows.AcessarGerenciarPerfis() na C:\Mantis2\csharpseleniumextentreporttemplate-master\CSharpSeleniumTemplate\Flows\GerenciarPerfisGlobaisFlows.cs:linha 25
   em CSharpSeleniumTemplate.Flows.GerenciarPerfisGlobaisFlows.CadastrarPerfilGlobal(String plataforma, String so, String versaoSo) na C:\Mantis2\csharpseleniumextentreporttemplate-master\CSharpSeleniumTemplate\Flows\GerenciarPerfisGlobaisFlows.cs:linha 29
   em CSharpSeleniumTemplate.Tests.GerenciarPerfisGlobais.EditarSemSelecionarUmPerfil() na C:\Mantis2\csharpseleniumextentreporttemplate-master\CSharpSeleniumTemplate\Tests\GerenciarPerfisGlobais.cs:linha 107
--NoSuchElementException
   em OpenQA.Selenium.Remote.RemoteWebDriver.UnpackAndThrowOnError(Response errorResponse)
   em OpenQA.Selenium.Remote.RemoteWebDriver.Execute(String driverCommandToExecute, Dictionary`2 parameters)
   em OpenQA.Selenium.Remote.RemoteWebDriver.FindElement(String mechanism, String value)
   em OpenQA.Selenium.Support.UI.DefaultWait`1.Until[TResult](Func`2 condition)]]></stack-trace>
            </failure>
          </test-case>
          <test-case id="0-1016" name="EnviarSemSelecionarUmdosParametros" fullname="CSharpSeleniumTemplate.Tests.GerenciarPerfisGlobais.EnviarSemSelecionarUmdosParametros" methodname="EnviarSemSelecionarUmdosParametros" classname="CSharpSeleniumTemplate.Tests.GerenciarPerfisGlobais" runstate="Runnable" seed="1286300815" result="Passed" start-time="2019-05-28 17:40:27Z" end-time="2019-05-28 17:40:48Z" duration="20.499899" asserts="1" />
          <test-case id="0-1014" name="PlataformaNaoPreenchida" fullname="CSharpSeleniumTemplate.Tests.GerenciarPerfisGlobais.PlataformaNaoPreenchida" methodname="PlataformaNaoPreenchida" classname="CSharpSeleniumTemplate.Tests.GerenciarPerfisGlobais" runstate="Runnable" seed="1329656497" result="Passed" start-time="2019-05-28 17:40:48Z" end-time="2019-05-28 17:41:03Z" duration="15.362227" asserts="1" />
          <test-case id="0-1015" name="VersaoSONaoPreenchida" fullname="CSharpSeleniumTemplate.Tests.GerenciarPerfisGlobais.VersaoSONaoPreenchida" methodname="VersaoSONaoPreenchida" classname="CSharpSeleniumTemplate.Tests.GerenciarPerfisGlobais" runstate="Runnable" seed="198804421" result="Passed" start-time="2019-05-28 17:41:03Z" end-time="2019-05-28 17:41:21Z" duration="17.549373" asserts="1" />
        </test-suite>
        <test-suite type="TestFixture" id="0-1021" name="GerenciarProjetos" fullname="CSharpSeleniumTemplate.Tests.GerenciarProjetos" classname="CSharpSeleniumTemplate.Tests.GerenciarProjetos" runstate="Runnable" testcasecount="5" result="Passed" start-time="2019-05-28 17:41:21Z" end-time="2019-05-28 17:43:19Z" duration="118.587882" total="5" passed="5" failed="0" warnings="0" inconclusive="0" skipped="0" asserts="7">
          <test-case id="0-1026" name="ApagarProjeto" fullname="CSharpSeleniumTemplate.Tests.GerenciarProjetos.ApagarProjeto" methodname="ApagarProjeto" classname="CSharpSeleniumTemplate.Tests.GerenciarProjetos" runstate="Runnable" seed="2063130478" result="Passed" start-time="2019-05-28 17:41:21Z" end-time="2019-05-28 17:41:48Z" duration="26.890463" asserts="1" />
          <test-case id="0-1022" name="CadastrarProjeto" fullname="CSharpSeleniumTemplate.Tests.GerenciarProjetos.CadastrarProjeto" methodname="CadastrarProjeto" classname="CSharpSeleniumTemplate.Tests.GerenciarProjetos" runstate="Runnable" seed="235948794" result="Passed" start-time="2019-05-28 17:41:48Z" end-time="2019-05-28 17:42:05Z" duration="17.141591" asserts="2" />
          <test-case id="0-1023" name="CadastroJaRealizado" fullname="CSharpSeleniumTemplate.Tests.GerenciarProjetos.CadastroJaRealizado" methodname="CadastroJaRealizado" classname="CSharpSeleniumTemplate.Tests.GerenciarProjetos" runstate="Runnable" seed="1759178746" result="Passed" start-time="2019-05-28 17:42:05Z" end-time="2019-05-28 17:42:35Z" duration="30.282139" asserts="1" />
          <test-case id="0-1024" name="CampoNomeProjetoNaoPreenchidos" fullname="CSharpSeleniumTemplate.Tests.GerenciarProjetos.CampoNomeProjetoNaoPreenchidos" methodname="CampoNomeProjetoNaoPreenchidos" classname="CSharpSeleniumTemplate.Tests.GerenciarProjetos" runstate="Runnable" seed="1469340032" result="Passed" start-time="2019-05-28 17:42:35Z" end-time="2019-05-28 17:42:51Z" duration="15.417533" asserts="1" />
          <test-case id="0-1025" name="EditarProjeto" fullname="CSharpSeleniumTemplate.Tests.GerenciarProjetos.EditarProjeto" methodname="EditarProjeto" classname="CSharpSeleniumTemplate.Tests.GerenciarProjetos" runstate="Runnable" seed="1708874625" result="Passed" start-time="2019-05-28 17:42:51Z" end-time="2019-05-28 17:43:19Z" duration="28.797126" asserts="2" />
        </test-suite>
        <test-suite type="TestFixture" id="0-1044" name="GerenciarTarefas" fullname="CSharpSeleniumTemplate.Tests.GerenciarTarefas" classname="CSharpSeleniumTemplate.Tests.GerenciarTarefas" runstate="Runnable" testcasecount="5" result="Passed" start-time="2019-05-28 17:43:19Z" end-time="2019-05-28 17:45:28Z" duration="128.841091" total="5" passed="5" failed="0" warnings="0" inconclusive="0" skipped="0" asserts="5">
          <test-case id="0-1047" name="AcessarEditarTarefa" fullname="CSharpSeleniumTemplate.Tests.GerenciarTarefas.AcessarEditarTarefa" methodname="AcessarEditarTarefa" classname="CSharpSeleniumTemplate.Tests.GerenciarTarefas" runstate="Runnable" seed="765674058" result="Passed" start-time="2019-05-28 17:43:19Z" end-time="2019-05-28 17:43:39Z" duration="19.451085" asserts="1" />
          <test-case id="0-1049" name="AdicionarAnotacaoSemCampoObrigatorio" fullname="CSharpSeleniumTemplate.Tests.GerenciarTarefas.AdicionarAnotacaoSemCampoObrigatorio" methodname="AdicionarAnotacaoSemCampoObrigatorio" classname="CSharpSeleniumTemplate.Tests.GerenciarTarefas" runstate="Runnable" seed="1422795147" result="Passed" start-time="2019-05-28 17:43:39Z" end-time="2019-05-28 17:44:03Z" duration="24.491855" asserts="1" />
          <test-case id="0-1045" name="PesquisarTarefa" fullname="CSharpSeleniumTemplate.Tests.GerenciarTarefas.PesquisarTarefa" methodname="PesquisarTarefa" classname="CSharpSeleniumTemplate.Tests.GerenciarTarefas" runstate="Runnable" seed="1708309820" result="Passed" start-time="2019-05-28 17:44:04Z" end-time="2019-05-28 17:44:34Z" duration="30.537289" asserts="1" />
          <test-case id="0-1046" name="SelecionarTodasTarefas" fullname="CSharpSeleniumTemplate.Tests.GerenciarTarefas.SelecionarTodasTarefas" methodname="SelecionarTodasTarefas" classname="CSharpSeleniumTemplate.Tests.GerenciarTarefas" runstate="Runnable" seed="1058552955" result="Passed" start-time="2019-05-28 17:44:34Z" end-time="2019-05-28 17:45:05Z" duration="31.340240" asserts="1" />
          <test-case id="0-1048" name="VoltarDetalheTarefa" fullname="CSharpSeleniumTemplate.Tests.GerenciarTarefas.VoltarDetalheTarefa" methodname="VoltarDetalheTarefa" classname="CSharpSeleniumTemplate.Tests.GerenciarTarefas" runstate="Runnable" seed="562055348" result="Passed" start-time="2019-05-28 17:45:05Z" end-time="2019-05-28 17:45:28Z" duration="22.874678" asserts="1" />
        </test-suite>
        <test-suite type="TestFixture" id="0-1050" name="GerenciarUsuarios" fullname="CSharpSeleniumTemplate.Tests.GerenciarUsuarios" classname="CSharpSeleniumTemplate.Tests.GerenciarUsuarios" runstate="Runnable" testcasecount="10" result="Passed" start-time="2019-05-28 17:45:28Z" end-time="2019-05-28 17:49:22Z" duration="233.940441" total="10" passed="10" failed="0" warnings="0" inconclusive="0" skipped="0" asserts="15">
          <test-case id="0-1057" name="ApagarUsuario" fullname="CSharpSeleniumTemplate.Tests.GerenciarUsuarios.ApagarUsuario" methodname="ApagarUsuario" classname="CSharpSeleniumTemplate.Tests.GerenciarUsuarios" runstate="Runnable" seed="884685256" result="Passed" start-time="2019-05-28 17:45:28Z" end-time="2019-05-28 17:45:56Z" duration="27.948180" asserts="2" />
          <test-case id="0-1051" name="CadastrarUsuarioApenasCamposObrigatorios" fullname="CSharpSeleniumTemplate.Tests.GerenciarUsuarios.CadastrarUsuarioApenasCamposObrigatorios" methodname="CadastrarUsuarioApenasCamposObrigatorios" classname="CSharpSeleniumTemplate.Tests.GerenciarUsuarios" runstate="Runnable" seed="1058345763" result="Passed" start-time="2019-05-28 17:45:56Z" end-time="2019-05-28 17:46:14Z" duration="17.421089" asserts="2" />
          <test-case id="0-1052" name="CadastrarUsuarioTodosCampos" fullname="CSharpSeleniumTemplate.Tests.GerenciarUsuarios.CadastrarUsuarioTodosCampos" methodname="CadastrarUsuarioTodosCampos" classname="CSharpSeleniumTemplate.Tests.GerenciarUsuarios" runstate="Runnable" seed="204116466" result="Passed" start-time="2019-05-28 17:46:14Z" end-time="2019-05-28 17:46:36Z" duration="22.620342" asserts="2" />
          <test-case id="0-1053" name="CampoNomeNaoPreenchido" fullname="CSharpSeleniumTemplate.Tests.GerenciarUsuarios.CampoNomeNaoPreenchido" methodname="CampoNomeNaoPreenchido" classname="CSharpSeleniumTemplate.Tests.GerenciarUsuarios" runstate="Runnable" seed="1198139833" result="Passed" start-time="2019-05-28 17:46:36Z" end-time="2019-05-28 17:46:53Z" duration="16.593442" asserts="1" />
          <test-case id="0-1056" name="EditarUsuario" fullname="CSharpSeleniumTemplate.Tests.GerenciarUsuarios.EditarUsuario" methodname="EditarUsuario" classname="CSharpSeleniumTemplate.Tests.GerenciarUsuarios" runstate="Runnable" seed="1798466608" result="Passed" start-time="2019-05-28 17:46:53Z" end-time="2019-05-28 17:47:19Z" duration="25.929121" asserts="3" />
          <test-case id="0-1059" name="EmailInvalido" fullname="CSharpSeleniumTemplate.Tests.GerenciarUsuarios.EmailInvalido" methodname="EmailInvalido" classname="CSharpSeleniumTemplate.Tests.GerenciarUsuarios" runstate="Runnable" seed="896488658" result="Passed" start-time="2019-05-28 17:47:19Z" end-time="2019-05-28 17:47:38Z" duration="18.907353" asserts="1" />
          <test-case id="0-1055" name="EmailJaCadastrado" fullname="CSharpSeleniumTemplate.Tests.GerenciarUsuarios.EmailJaCadastrado" methodname="EmailJaCadastrado" classname="CSharpSeleniumTemplate.Tests.GerenciarUsuarios" runstate="Runnable" seed="650632960" result="Passed" start-time="2019-05-28 17:47:38Z" end-time="2019-05-28 17:48:07Z" duration="28.843079" asserts="1" />
          <test-case id="0-1060" name="PesquisarUsuarios" fullname="CSharpSeleniumTemplate.Tests.GerenciarUsuarios.PesquisarUsuarios" methodname="PesquisarUsuarios" classname="CSharpSeleniumTemplate.Tests.GerenciarUsuarios" runstate="Runnable" seed="96174202" result="Passed" start-time="2019-05-28 17:48:07Z" end-time="2019-05-28 17:48:29Z" duration="22.546406" asserts="1" />
          <test-case id="0-1058" name="RedefinirSenhaSemPreencherEmail" fullname="CSharpSeleniumTemplate.Tests.GerenciarUsuarios.RedefinirSenhaSemPreencherEmail" methodname="RedefinirSenhaSemPreencherEmail" classname="CSharpSeleniumTemplate.Tests.GerenciarUsuarios" runstate="Runnable" seed="1276811652" result="Passed" start-time="2019-05-28 17:48:29Z" end-time="2019-05-28 17:48:57Z" duration="27.866224" asserts="1" />
          <test-case id="0-1054" name="UsuarioJaCadastrado" fullname="CSharpSeleniumTemplate.Tests.GerenciarUsuarios.UsuarioJaCadastrado" methodname="UsuarioJaCadastrado" classname="CSharpSeleniumTemplate.Tests.GerenciarUsuarios" runstate="Runnable" seed="1955731970" result="Passed" start-time="2019-05-28 17:48:57Z" end-time="2019-05-28 17:49:22Z" duration="25.167764" asserts="1" />
        </test-suite>
        <test-suite type="TestFixture" id="0-1061" name="LoginTests" fullname="CSharpSeleniumTemplate.Tests.LoginTests" classname="CSharpSeleniumTemplate.Tests.LoginTests" runstate="Runnable" testcasecount="4" result="Passed" start-time="2019-05-28 17:49:22Z" end-time="2019-05-28 17:50:00Z" duration="37.623865" total="4" passed="4" failed="0" warnings="0" inconclusive="0" skipped="0" asserts="4">
          <test-case id="0-1062" name="EfetuarLoginComSucesso" fullname="CSharpSeleniumTemplate.Tests.LoginTests.EfetuarLoginComSucesso" methodname="EfetuarLoginComSucesso" classname="CSharpSeleniumTemplate.Tests.LoginTests" runstate="Runnable" seed="1234729363" result="Passed" start-time="2019-05-28 17:49:22Z" end-time="2019-05-28 17:49:30Z" duration="7.932772" asserts="1" />
          <test-suite type="ParameterizedMethod" id="0-1066" name="EfetuarLoginInformandoUsuarioInvalido" fullname="CSharpSeleniumTemplate.Tests.LoginTests.EfetuarLoginInformandoUsuarioInvalido" classname="CSharpSeleniumTemplate.Tests.LoginTests" runstate="Runnable" testcasecount="3" result="Passed" start-time="2019-05-28 17:49:30Z" end-time="2019-05-28 17:50:00Z" duration="29.650372" total="3" passed="3" failed="0" warnings="0" inconclusive="0" skipped="0" asserts="3">
            <test-case id="0-1063" name="EfetuarLoginInformandoUsuarioInvalido(System.Collections.ArrayList)" fullname="CSharpSeleniumTemplate.Tests.LoginTests.EfetuarLoginInformandoUsuarioInvalido(System.Collections.ArrayList)" methodname="EfetuarLoginInformandoUsuarioInvalido" classname="CSharpSeleniumTemplate.Tests.LoginTests" runstate="Runnable" seed="472168012" result="Passed" start-time="2019-05-28 17:49:30Z" end-time="2019-05-28 17:49:44Z" duration="13.515423" asserts="1" />
            <test-case id="0-1064" name="EfetuarLoginInformandoUsuarioInvalido(System.Collections.ArrayList)" fullname="CSharpSeleniumTemplate.Tests.LoginTests.EfetuarLoginInformandoUsuarioInvalido(System.Collections.ArrayList)" methodname="EfetuarLoginInformandoUsuarioInvalido" classname="CSharpSeleniumTemplate.Tests.LoginTests" runstate="Runnable" seed="1205809114" result="Passed" start-time="2019-05-28 17:49:44Z" end-time="2019-05-28 17:49:51Z" duration="7.689457" asserts="1" />
            <test-case id="0-1065" name="EfetuarLoginInformandoUsuarioInvalido(System.Collections.ArrayList)" fullname="CSharpSeleniumTemplate.Tests.LoginTests.EfetuarLoginInformandoUsuarioInvalido(System.Collections.ArrayList)" methodname="EfetuarLoginInformandoUsuarioInvalido" classname="CSharpSeleniumTemplate.Tests.LoginTests" runstate="Runnable" seed="1403787375" result="Passed" start-time="2019-05-28 17:49:51Z" end-time="2019-05-28 17:50:00Z" duration="8.432032" asserts="1" />
          </test-suite>
        </test-suite>
      </test-suite>
    </test-suite>
  </test-suite>
</test-run>